<?xml version="1.0" encoding="UTF-8"?>
<!-- Generated by org.testng.reporters.JUnitReportReporter -->
<testsuite hostname="Rakeshs-MacBook-Pro.local" failures="0" tests="1" name="in.amazon.clipboard.testcases.ValidateSecondHighestPriceTvTest" time="48.980" errors="0" timestamp="2022-11-24T20:36:33 GST" skipped="0">
  <testcase classname="in.amazon.clipboard.testcases.ValidateSecondHighestPriceTvTest" name="samsungSecondHighestPricedTvPageTest" time="48.980"/>
  <system-out/>
</testsuite> <!-- in.amazon.clipboard.testcases.ValidateSecondHighestPriceTvTest -->
