<?xml version="1.0" encoding="UTF-8"?>
<!-- Generated by org.testng.reporters.JUnitReportReporter -->
<testsuite hostname="Rakeshs-MacBook-Pro.local" failures="0" tests="2" name="in.amazon.clipboard.testcases.SampleTestNgTests" time="0.009" errors="0" timestamp="2022-11-24T20:08:54 GST" skipped="0">
  <testcase classname="in.amazon.clipboard.testcases.SampleTestNgTests" name="bTest" time="0.002"/>
  <system-out/>
  <testcase classname="in.amazon.clipboard.testcases.SampleTestNgTests" name="aTest" time="0.007"/>
  <system-out/>
</testsuite> <!-- in.amazon.clipboard.testcases.SampleTestNgTests -->
